2025-12-04 12:40:51,045 - INFO - GET http://localhost:9200/ [status:200 duration:0.017s]
2025-12-04 12:40:51,046 - INFO - Elasticsearch 연결 성공. 버전: 8.11.1
2025-12-04 12:40:51,046 - INFO - --- Starting ETL Process ---
2025-12-04 12:40:51,053 - INFO - HEAD http://localhost:9200/movies [status:200 duration:0.007s]
2025-12-04 12:40:51,053 - INFO - Deleting existing index 'movies'...
2025-12-04 12:40:51,219 - INFO - DELETE http://localhost:9200/movies [status:200 duration:0.165s]
2025-12-04 12:40:51,219 - INFO - Existing index 'movies' deleted.
2025-12-04 12:40:51,219 - INFO - Creating new index 'movies' with mappings...
2025-12-04 12:40:51,439 - INFO - PUT http://localhost:9200/movies [status:200 duration:0.220s]
2025-12-04 12:40:51,439 - INFO - Index 'movies' created with mappings.
2025-12-04 12:40:51,440 - INFO - 
--- Extracting Movie Data (Basic Info) ---
2025-12-04 12:40:52,053 - INFO - Found 100 now playing movies.
2025-12-04 12:40:53,933 - INFO - Found 1000 popular movies.
2025-12-04 12:40:53,933 - INFO - Total unique movies to process: 1080
2025-12-04 12:40:53,933 - INFO - 
--- Extracting Movie Data (OTT Providers) ---
2025-12-04 12:41:29,043 - INFO - 
--- Loading Data to Elasticsearch ---
2025-12-04 12:41:29,537 - INFO - PUT http://localhost:9200/_bulk [status:200 duration:0.401s]
2025-12-04 12:41:29,754 - INFO - PUT http://localhost:9200/_bulk [status:200 duration:0.207s]
2025-12-04 12:41:29,797 - INFO - PUT http://localhost:9200/_bulk [status:200 duration:0.040s]
2025-12-04 12:41:29,798 - INFO - Successfully indexed 1080 movies.
2025-12-04 12:41:29,800 - INFO - 
--- ETL Process Finished in 38.36 seconds ---
2025-12-04 15:58:37,764 - INFO - GET http://localhost:9200/ [status:200 duration:0.005s]
2025-12-04 15:58:37,764 - INFO - Elasticsearch 연결 성공. 버전: 8.11.1
2025-12-04 15:58:37,764 - INFO - --- Starting ETL Process ---
2025-12-04 15:58:37,766 - INFO - HEAD http://localhost:9200/movies [status:200 duration:0.001s]
2025-12-04 15:58:37,766 - INFO - Deleting existing index 'movies'...
2025-12-04 15:58:37,805 - INFO - DELETE http://localhost:9200/movies [status:200 duration:0.040s]
2025-12-04 15:58:37,806 - INFO - Existing index 'movies' deleted.
2025-12-04 15:58:37,806 - INFO - Creating new index 'movies' with mappings...
2025-12-04 15:58:38,010 - INFO - PUT http://localhost:9200/movies [status:200 duration:0.205s]
2025-12-04 15:58:38,011 - INFO - Index 'movies' created with mappings.
2025-12-04 15:58:38,011 - INFO - 
--- Extracting Movie Data (Basic Info) ---
2025-12-04 15:58:39,218 - INFO - Found 100 now playing movies.
2025-12-04 15:58:42,153 - INFO - Found 986 popular movies.
2025-12-04 15:58:42,153 - INFO - Total unique movies to process: 1066
2025-12-04 15:58:42,154 - INFO - 
--- Extracting Movie Data (OTT Providers) ---
2025-12-04 15:59:25,489 - INFO - 
--- Loading Data to Elasticsearch ---
2025-12-04 15:59:25,744 - INFO - PUT http://localhost:9200/_bulk [status:200 duration:0.209s]
2025-12-04 15:59:25,919 - INFO - PUT http://localhost:9200/_bulk [status:200 duration:0.166s]
2025-12-04 15:59:25,950 - INFO - PUT http://localhost:9200/_bulk [status:200 duration:0.028s]
2025-12-04 15:59:25,950 - INFO - Successfully indexed 1066 movies.
2025-12-04 15:59:25,960 - INFO - 
--- ETL Process Finished in 47.95 seconds ---
2025-12-04 16:08:10,805 - INFO - GET http://localhost:9200/ [status:200 duration:0.005s]
2025-12-04 16:08:10,805 - INFO - Elasticsearch 연결 성공. 버전: 8.11.1
2025-12-04 16:08:10,805 - INFO - --- Starting ETL Process ---
2025-12-04 16:08:10,807 - INFO - HEAD http://localhost:9200/movies [status:200 duration:0.001s]
2025-12-04 16:08:10,807 - INFO - Deleting existing index 'movies'...
2025-12-04 16:08:10,842 - INFO - DELETE http://localhost:9200/movies [status:200 duration:0.035s]
2025-12-04 16:08:10,842 - INFO - Existing index 'movies' deleted.
2025-12-04 16:08:10,842 - INFO - Creating new index 'movies' with mappings...
2025-12-04 16:08:11,030 - INFO - PUT http://localhost:9200/movies [status:200 duration:0.188s]
2025-12-04 16:08:11,030 - INFO - Index 'movies' created with mappings.
2025-12-04 16:08:11,030 - INFO - 
--- Extracting Movie Data (Basic Info) ---
2025-12-04 16:08:12,056 - INFO - Found 100 now playing movies.
2025-12-04 16:08:14,616 - INFO - Found 985 popular movies.
2025-12-04 16:08:14,616 - INFO - Total unique movies to process: 1065
2025-12-04 16:08:14,616 - INFO - 
--- Extracting Movie Data (OTT Providers) ---
2025-12-04 16:08:46,701 - INFO - 
--- Loading Data to Elasticsearch ---
2025-12-04 16:08:46,863 - INFO - PUT http://localhost:9200/_bulk [status:200 duration:0.113s]
2025-12-04 16:08:47,004 - INFO - PUT http://localhost:9200/_bulk [status:200 duration:0.133s]
2025-12-04 16:08:47,040 - INFO - PUT http://localhost:9200/_bulk [status:200 duration:0.034s]
2025-12-04 16:08:47,041 - INFO - Successfully indexed 1065 movies.
2025-12-04 16:08:47,053 - INFO - 
--- ETL Process Finished in 36.02 seconds ---
2025-12-04 17:37:11,395 - INFO - GET http://localhost:9200/ [status:200 duration:0.005s]
2025-12-04 17:37:11,395 - INFO - Elasticsearch 연결 성공. 버전: 8.11.1
2025-12-04 17:37:11,395 - INFO - --- Starting ETL Process ---
2025-12-04 17:37:11,396 - INFO - HEAD http://localhost:9200/movies [status:200 duration:0.001s]
2025-12-04 17:37:11,396 - INFO - Deleting existing index 'movies'...
2025-12-04 17:37:11,452 - INFO - DELETE http://localhost:9200/movies [status:200 duration:0.055s]
2025-12-04 17:37:11,452 - INFO - Existing index 'movies' deleted.
2025-12-04 17:37:11,452 - INFO - Creating new index 'movies' with mappings...
2025-12-04 17:37:11,679 - INFO - PUT http://localhost:9200/movies [status:200 duration:0.227s]
2025-12-04 17:37:11,679 - INFO - Index 'movies' created with mappings.
2025-12-04 17:37:11,679 - INFO - 
--- Extracting Movie Data (Basic Info) ---
2025-12-04 17:37:12,760 - INFO - Found 100 now playing movies.
2025-12-04 17:37:15,639 - INFO - Found 992 popular movies.
2025-12-04 17:37:15,639 - INFO - Total unique movies to process: 1072
2025-12-04 17:37:15,639 - INFO - 
--- Extracting Movie Data (OTT Providers) ---
2025-12-04 17:37:49,557 - INFO - 
--- Loading Data to Elasticsearch ---
2025-12-04 17:37:49,806 - INFO - PUT http://localhost:9200/_bulk [status:200 duration:0.199s]
2025-12-04 17:37:49,947 - INFO - PUT http://localhost:9200/_bulk [status:200 duration:0.134s]
2025-12-04 17:37:49,978 - INFO - PUT http://localhost:9200/_bulk [status:200 duration:0.027s]
2025-12-04 17:37:49,978 - INFO - Successfully indexed 1072 movies.
2025-12-04 17:37:49,988 - INFO - 
--- ETL Process Finished in 38.31 seconds ---
2025-12-04 17:41:13,718 - INFO - GET http://localhost:9200/ [status:200 duration:0.005s]
2025-12-04 17:41:13,718 - INFO - Elasticsearch 연결 성공. 버전: 8.11.1
2025-12-04 17:41:13,718 - INFO - --- Starting ETL Process ---
2025-12-04 17:41:13,719 - INFO - HEAD http://localhost:9200/movies [status:200 duration:0.001s]
2025-12-04 17:41:13,719 - INFO - Deleting existing index 'movies'...
2025-12-04 17:41:13,763 - INFO - DELETE http://localhost:9200/movies [status:200 duration:0.044s]
2025-12-04 17:41:13,763 - INFO - Existing index 'movies' deleted.
2025-12-04 17:41:13,763 - INFO - Creating new index 'movies' with mappings...
2025-12-04 17:41:14,046 - INFO - PUT http://localhost:9200/movies [status:200 duration:0.282s]
2025-12-04 17:41:14,046 - INFO - Index 'movies' created with mappings.
2025-12-04 17:41:14,046 - INFO - 
--- Extracting Movie Data (Basic Info) ---
2025-12-04 17:41:15,062 - INFO - Found 100 now playing movies.
2025-12-04 17:41:18,071 - INFO - Found 992 popular movies.
2025-12-04 17:41:18,071 - INFO - Total unique movies to process: 1072
2025-12-04 17:41:18,071 - INFO - 
--- Extracting Movie Data (OTT Providers) ---
2025-12-04 17:41:47,674 - INFO - 
--- Loading Data to Elasticsearch ---
2025-12-04 17:41:47,856 - INFO - PUT http://localhost:9200/_bulk [status:200 duration:0.139s]
2025-12-04 17:41:48,005 - INFO - PUT http://localhost:9200/_bulk [status:200 duration:0.141s]
2025-12-04 17:41:48,038 - INFO - PUT http://localhost:9200/_bulk [status:200 duration:0.030s]
2025-12-04 17:41:48,038 - INFO - Successfully indexed 1072 movies.
2025-12-04 17:41:48,047 - INFO - 
--- ETL Process Finished in 34.00 seconds ---
2025-12-04 17:45:00,830 - INFO - GET http://localhost:9200/ [status:200 duration:0.005s]
2025-12-04 17:45:00,830 - INFO - Elasticsearch 연결 성공. 버전: 8.11.1
2025-12-04 17:45:00,830 - INFO - --- Starting ETL Process ---
2025-12-04 17:45:00,832 - INFO - HEAD http://localhost:9200/movies [status:200 duration:0.001s]
2025-12-04 17:45:00,832 - INFO - Deleting existing index 'movies'...
2025-12-04 17:45:00,874 - INFO - DELETE http://localhost:9200/movies [status:200 duration:0.042s]
2025-12-04 17:45:00,874 - INFO - Existing index 'movies' deleted.
2025-12-04 17:45:00,874 - INFO - Creating new index 'movies' with mappings...
2025-12-04 17:45:01,138 - INFO - PUT http://localhost:9200/movies [status:200 duration:0.264s]
2025-12-04 17:45:01,139 - INFO - Index 'movies' created with mappings.
2025-12-04 17:45:01,139 - INFO - 
--- Extracting Movie Data (Basic Info) ---
2025-12-04 17:45:02,088 - INFO - Found 100 now playing movies.
2025-12-04 17:45:04,351 - INFO - Found 992 popular movies.
2025-12-04 17:45:04,352 - INFO - Total unique movies to process: 1072
2025-12-04 17:45:04,352 - INFO - 
--- Extracting Movie Data (OTT Providers) ---
2025-12-04 17:45:33,009 - INFO - 
--- Loading Data to Elasticsearch ---
2025-12-04 17:45:33,195 - INFO - PUT http://localhost:9200/_bulk [status:200 duration:0.139s]
2025-12-04 17:45:33,362 - INFO - PUT http://localhost:9200/_bulk [status:200 duration:0.159s]
2025-12-04 17:45:33,393 - INFO - PUT http://localhost:9200/_bulk [status:200 duration:0.028s]
2025-12-04 17:45:33,394 - INFO - Successfully indexed 1072 movies.
2025-12-04 17:45:33,404 - INFO - 
--- ETL Process Finished in 32.26 seconds ---
2025-12-04 17:50:08,942 - INFO - GET http://localhost:9200/ [status:200 duration:0.005s]
2025-12-04 17:50:08,943 - INFO - Elasticsearch 연결 성공. 버전: 8.11.1
2025-12-04 17:50:08,943 - INFO - --- Starting ETL Process ---
2025-12-04 17:50:08,944 - INFO - HEAD http://localhost:9200/movies [status:200 duration:0.001s]
2025-12-04 17:50:08,944 - INFO - Deleting existing index 'movies'...
2025-12-04 17:50:08,991 - INFO - DELETE http://localhost:9200/movies [status:200 duration:0.046s]
2025-12-04 17:50:08,991 - INFO - Existing index 'movies' deleted.
2025-12-04 17:50:08,991 - INFO - Creating new index 'movies' with mappings...
2025-12-04 17:50:09,237 - INFO - PUT http://localhost:9200/movies [status:200 duration:0.246s]
2025-12-04 17:50:09,237 - INFO - Index 'movies' created with mappings.
2025-12-04 17:50:09,237 - INFO - 
--- Extracting Movie Data (Basic Info) ---
2025-12-04 17:50:10,219 - INFO - Found 100 now playing movies.
2025-12-04 17:50:12,486 - INFO - Found 992 popular movies.
2025-12-04 17:50:12,486 - INFO - Total unique movies to process: 1072
2025-12-04 17:50:12,486 - INFO - 
--- Extracting Movie Data (OTT Providers) ---
2025-12-04 17:50:40,630 - INFO - 
--- Loading Data to Elasticsearch ---
2025-12-04 17:50:40,823 - INFO - PUT http://localhost:9200/_bulk [status:200 duration:0.152s]
2025-12-04 17:50:40,999 - INFO - PUT http://localhost:9200/_bulk [status:200 duration:0.168s]
2025-12-04 17:50:41,029 - INFO - PUT http://localhost:9200/_bulk [status:200 duration:0.027s]
2025-12-04 17:50:41,030 - INFO - Successfully indexed 1072 movies.
2025-12-04 17:50:41,039 - INFO - 
--- ETL Process Finished in 31.80 seconds ---
2025-12-05 12:05:50,205 - INFO - GET http://localhost:9200/ [status:200 duration:0.014s]
2025-12-05 12:05:50,205 - INFO - Elasticsearch 연결 성공. 버전: 8.11.1
2025-12-05 12:05:50,205 - INFO - --- Starting ETL Process ---
2025-12-05 12:05:50,211 - INFO - HEAD http://localhost:9200/movies [status:404 duration:0.005s]
2025-12-05 12:05:50,211 - INFO - Index 'movies' does not exist. Skipping deletion.
2025-12-05 12:05:50,211 - INFO - Creating new index 'movies' with mappings...
2025-12-05 12:05:50,520 - INFO - PUT http://localhost:9200/movies [status:200 duration:0.308s]
2025-12-05 12:05:50,520 - INFO - Index 'movies' created with mappings.
2025-12-05 12:05:50,520 - INFO - 
--- Extracting Movie Data (Basic Info) ---
2025-12-05 12:05:51,411 - INFO - Found 100 now playing movies.
2025-12-05 12:05:54,397 - INFO - Found 1000 popular movies.
2025-12-05 12:05:54,397 - INFO - Total unique movies to process: 1081
2025-12-05 12:05:54,397 - INFO - 
--- Extracting Movie Data (OTT Providers) ---
2025-12-05 12:06:39,698 - INFO - 
--- Loading Data to Elasticsearch ---
2025-12-05 12:06:40,262 - INFO - PUT http://localhost:9200/_bulk [status:200 duration:0.478s]
2025-12-05 12:06:40,505 - INFO - PUT http://localhost:9200/_bulk [status:200 duration:0.234s]
2025-12-05 12:06:40,553 - INFO - PUT http://localhost:9200/_bulk [status:200 duration:0.045s]
2025-12-05 12:06:40,554 - INFO - Successfully indexed 1081 movies.
2025-12-05 12:06:40,556 - INFO - 
--- ETL Process Finished in 50.04 seconds ---
2025-12-05 15:27:55,412 - INFO - GET http://localhost:9200/ [status:200 duration:0.007s]
2025-12-05 15:27:55,412 - INFO - Elasticsearch 연결 성공. 버전: 8.11.1
2025-12-05 15:27:55,413 - INFO - --- Starting ETL Process ---
2025-12-05 15:27:55,414 - INFO - HEAD http://localhost:9200/movies [status:200 duration:0.002s]
2025-12-05 15:27:55,415 - INFO - Deleting existing index 'movies'...
2025-12-05 15:27:55,480 - INFO - DELETE http://localhost:9200/movies [status:200 duration:0.065s]
2025-12-05 15:27:55,481 - INFO - Existing index 'movies' deleted.
2025-12-05 15:27:55,481 - INFO - Creating new index 'movies' with mappings...
2025-12-05 15:27:55,732 - INFO - PUT http://localhost:9200/movies [status:200 duration:0.251s]
2025-12-05 15:27:55,733 - INFO - Index 'movies' created with mappings.
2025-12-05 15:27:55,733 - INFO - 
--- Extracting Movie Data (Basic Info) ---
2025-12-05 15:27:56,451 - INFO - Found 100 now playing movies.
2025-12-05 15:27:58,459 - INFO - Found 999 popular movies.
2025-12-05 15:27:58,459 - INFO - Total unique movies to process: 1080
2025-12-05 15:27:58,459 - INFO - 
--- Extracting Movie Data (OTT Providers) ---
2025-12-05 15:28:33,610 - INFO - 
--- Loading Data to Elasticsearch ---
2025-12-05 15:28:33,923 - INFO - PUT http://localhost:9200/_bulk [status:200 duration:0.260s]
2025-12-05 15:28:34,102 - INFO - PUT http://localhost:9200/_bulk [status:200 duration:0.170s]
2025-12-05 15:28:34,144 - INFO - PUT http://localhost:9200/_bulk [status:200 duration:0.039s]
2025-12-05 15:28:34,145 - INFO - Successfully indexed 1080 movies.
2025-12-05 15:28:34,147 - INFO - 
--- ETL Process Finished in 38.41 seconds ---
2025-12-05 16:28:54,040 - INFO - GET http://localhost:9200/ [status:200 duration:0.009s]
2025-12-05 16:28:54,040 - INFO - Elasticsearch 연결 성공. 버전: 8.11.1
2025-12-05 16:28:54,041 - INFO - --- Starting ETL Process ---
2025-12-05 16:28:54,042 - INFO - HEAD http://localhost:9200/movies [status:200 duration:0.002s]
2025-12-05 16:28:54,043 - INFO - Deleting existing index 'movies'...
2025-12-05 16:28:54,136 - INFO - DELETE http://localhost:9200/movies [status:200 duration:0.093s]
2025-12-05 16:28:54,137 - INFO - Existing index 'movies' deleted.
2025-12-05 16:28:54,137 - INFO - Creating new index 'movies' with mappings...
2025-12-05 16:28:54,495 - INFO - PUT http://localhost:9200/movies [status:200 duration:0.358s]
2025-12-05 16:28:54,496 - INFO - Index 'movies' created with mappings.
2025-12-05 16:28:54,496 - INFO - 
--- Extracting Movie Data (Basic Info from various endpoints) ---
2025-12-05 16:29:09,554 - WARNING - Connection pool is full, discarding connection: api.themoviedb.org. Connection pool size: 10
2025-12-05 16:29:09,616 - WARNING - Connection pool is full, discarding connection: api.themoviedb.org. Connection pool size: 10
2025-12-05 16:29:09,634 - WARNING - Connection pool is full, discarding connection: api.themoviedb.org. Connection pool size: 10
2025-12-05 16:29:09,704 - WARNING - Connection pool is full, discarding connection: api.themoviedb.org. Connection pool size: 10
2025-12-05 16:29:09,777 - WARNING - Connection pool is full, discarding connection: api.themoviedb.org. Connection pool size: 10
2025-12-05 16:29:09,779 - INFO - Found 111 now playing movies.
2025-12-05 16:29:10,343 - WARNING - Connection pool is full, discarding connection: api.themoviedb.org. Connection pool size: 10
2025-12-05 16:29:10,344 - WARNING - Connection pool is full, discarding connection: api.themoviedb.org. Connection pool size: 10
2025-12-05 16:29:10,371 - WARNING - Connection pool is full, discarding connection: api.themoviedb.org. Connection pool size: 10
2025-12-05 16:29:10,373 - WARNING - Connection pool is full, discarding connection: api.themoviedb.org. Connection pool size: 10
2025-12-05 16:29:10,380 - WARNING - Connection pool is full, discarding connection: api.themoviedb.org. Connection pool size: 10
2025-12-05 16:29:10,860 - WARNING - Connection pool is full, discarding connection: api.themoviedb.org. Connection pool size: 10
2025-12-05 16:29:10,907 - WARNING - Connection pool is full, discarding connection: api.themoviedb.org. Connection pool size: 10
2025-12-05 16:29:10,931 - WARNING - Connection pool is full, discarding connection: api.themoviedb.org. Connection pool size: 10
2025-12-05 16:29:26,799 - WARNING - Connection pool is full, discarding connection: api.themoviedb.org. Connection pool size: 10
2025-12-05 16:29:26,810 - WARNING - Connection pool is full, discarding connection: api.themoviedb.org. Connection pool size: 10
2025-12-05 16:29:26,885 - WARNING - Connection pool is full, discarding connection: api.themoviedb.org. Connection pool size: 10
2025-12-05 16:29:26,907 - WARNING - Connection pool is full, discarding connection: api.themoviedb.org. Connection pool size: 10
2025-12-05 16:29:26,954 - WARNING - Connection pool is full, discarding connection: api.themoviedb.org. Connection pool size: 10
2025-12-05 16:29:26,956 - INFO - Found 9996 popular movies.
2025-12-05 16:29:42,752 - WARNING - Connection pool is full, discarding connection: api.themoviedb.org. Connection pool size: 10
2025-12-05 16:29:42,774 - WARNING - Connection pool is full, discarding connection: api.themoviedb.org. Connection pool size: 10
2025-12-05 16:29:42,843 - WARNING - Connection pool is full, discarding connection: api.themoviedb.org. Connection pool size: 10
2025-12-05 16:29:42,844 - WARNING - Connection pool is full, discarding connection: api.themoviedb.org. Connection pool size: 10
2025-12-05 16:29:42,927 - WARNING - Connection pool is full, discarding connection: api.themoviedb.org. Connection pool size: 10
2025-12-05 16:29:42,929 - INFO - Found 10000 top rated movies.
2025-12-05 16:29:58,144 - WARNING - Connection pool is full, discarding connection: api.themoviedb.org. Connection pool size: 10
2025-12-05 16:29:58,179 - WARNING - Connection pool is full, discarding connection: api.themoviedb.org. Connection pool size: 10
2025-12-05 16:29:58,253 - WARNING - Connection pool is full, discarding connection: api.themoviedb.org. Connection pool size: 10
2025-12-05 16:29:58,334 - WARNING - Connection pool is full, discarding connection: api.themoviedb.org. Connection pool size: 10
2025-12-05 16:29:58,381 - WARNING - Connection pool is full, discarding connection: api.themoviedb.org. Connection pool size: 10
2025-12-05 16:29:58,383 - INFO - Found 41 upcoming movies.
2025-12-05 16:29:58,385 - INFO - Total unique movies to process: 17052
2025-12-05 16:29:58,385 - INFO - 
--- Extracting Movie Data (Details like OTT, Runtime, Certification, Companies) ---
2025-12-05 16:29:58,998 - WARNING - Connection pool is full, discarding connection: api.themoviedb.org. Connection pool size: 10
2025-12-05 16:29:59,035 - WARNING - Connection pool is full, discarding connection: api.themoviedb.org. Connection pool size: 10
2025-12-05 16:30:03,889 - WARNING - Connection pool is full, discarding connection: api.themoviedb.org. Connection pool size: 10
2025-12-05 16:38:14,689 - WARNING - Connection pool is full, discarding connection: api.themoviedb.org. Connection pool size: 10
2025-12-05 16:38:14,696 - WARNING - Connection pool is full, discarding connection: api.themoviedb.org. Connection pool size: 10
2025-12-05 16:38:14,713 - WARNING - Connection pool is full, discarding connection: api.themoviedb.org. Connection pool size: 10
2025-12-05 16:38:14,726 - WARNING - Connection pool is full, discarding connection: api.themoviedb.org. Connection pool size: 10
2025-12-05 16:38:14,780 - WARNING - Connection pool is full, discarding connection: api.themoviedb.org. Connection pool size: 10
2025-12-05 16:38:14,781 - INFO - 
--- Loading Data to Elasticsearch ---
2025-12-05 16:38:15,198 - INFO - PUT http://localhost:9200/_bulk [status:200 duration:0.366s]
2025-12-05 16:38:15,511 - INFO - PUT http://localhost:9200/_bulk [status:200 duration:0.288s]
2025-12-05 16:38:15,773 - INFO - PUT http://localhost:9200/_bulk [status:200 duration:0.250s]
2025-12-05 16:38:16,002 - INFO - PUT http://localhost:9200/_bulk [status:200 duration:0.219s]
2025-12-05 16:38:16,173 - INFO - PUT http://localhost:9200/_bulk [status:200 duration:0.158s]
2025-12-05 16:38:16,347 - INFO - PUT http://localhost:9200/_bulk [status:200 duration:0.164s]
2025-12-05 16:38:16,565 - INFO - PUT http://localhost:9200/_bulk [status:200 duration:0.209s]
2025-12-05 16:38:16,723 - INFO - PUT http://localhost:9200/_bulk [status:200 duration:0.149s]
2025-12-05 16:38:16,870 - INFO - PUT http://localhost:9200/_bulk [status:200 duration:0.138s]
2025-12-05 16:38:17,013 - INFO - PUT http://localhost:9200/_bulk [status:200 duration:0.133s]
2025-12-05 16:38:17,168 - INFO - PUT http://localhost:9200/_bulk [status:200 duration:0.147s]
2025-12-05 16:38:17,302 - INFO - PUT http://localhost:9200/_bulk [status:200 duration:0.125s]
2025-12-05 16:38:17,456 - INFO - PUT http://localhost:9200/_bulk [status:200 duration:0.145s]
2025-12-05 16:38:17,594 - INFO - PUT http://localhost:9200/_bulk [status:200 duration:0.129s]
2025-12-05 16:38:17,779 - INFO - PUT http://localhost:9200/_bulk [status:200 duration:0.173s]
2025-12-05 16:38:17,942 - INFO - PUT http://localhost:9200/_bulk [status:200 duration:0.155s]
2025-12-05 16:38:18,100 - INFO - PUT http://localhost:9200/_bulk [status:200 duration:0.145s]
2025-12-05 16:38:18,240 - INFO - PUT http://localhost:9200/_bulk [status:200 duration:0.131s]
2025-12-05 16:38:18,364 - INFO - PUT http://localhost:9200/_bulk [status:200 duration:0.115s]
2025-12-05 16:38:18,497 - INFO - PUT http://localhost:9200/_bulk [status:200 duration:0.125s]
2025-12-05 16:38:18,708 - INFO - PUT http://localhost:9200/_bulk [status:200 duration:0.201s]
2025-12-05 16:38:18,927 - INFO - PUT http://localhost:9200/_bulk [status:200 duration:0.210s]
2025-12-05 16:38:19,134 - INFO - PUT http://localhost:9200/_bulk [status:200 duration:0.198s]
2025-12-05 16:38:19,371 - INFO - PUT http://localhost:9200/_bulk [status:200 duration:0.228s]
2025-12-05 16:38:19,603 - INFO - PUT http://localhost:9200/_bulk [status:200 duration:0.222s]
2025-12-05 16:38:19,823 - INFO - PUT http://localhost:9200/_bulk [status:200 duration:0.209s]
2025-12-05 16:38:20,068 - INFO - PUT http://localhost:9200/_bulk [status:200 duration:0.235s]
2025-12-05 16:38:20,299 - INFO - PUT http://localhost:9200/_bulk [status:200 duration:0.215s]
2025-12-05 16:38:20,519 - INFO - PUT http://localhost:9200/_bulk [status:200 duration:0.210s]
2025-12-05 16:38:20,780 - INFO - PUT http://localhost:9200/_bulk [status:200 duration:0.252s]
2025-12-05 16:38:21,007 - INFO - PUT http://localhost:9200/_bulk [status:200 duration:0.217s]
2025-12-05 16:38:21,237 - INFO - PUT http://localhost:9200/_bulk [status:200 duration:0.221s]
2025-12-05 16:38:21,488 - INFO - PUT http://localhost:9200/_bulk [status:200 duration:0.241s]
2025-12-05 16:38:21,720 - INFO - PUT http://localhost:9200/_bulk [status:200 duration:0.222s]
2025-12-05 16:38:21,749 - INFO - PUT http://localhost:9200/_bulk [status:200 duration:0.026s]
2025-12-05 16:38:21,750 - INFO - Successfully indexed 17052 movies.
2025-12-05 16:38:21,775 - INFO - 
--- ETL Process Finished in 567.28 seconds ---
2025-12-05 16:49:47,670 - INFO - GET http://localhost:9200/ [status:200 duration:0.021s]
2025-12-05 16:49:47,671 - INFO - Elasticsearch 연결 성공. 버전: 8.11.1
2025-12-05 16:49:47,671 - INFO - --- Starting ETL Process ---
2025-12-05 16:49:47,672 - INFO - HEAD http://localhost:9200/movies [status:200 duration:0.001s]
2025-12-05 16:49:47,674 - INFO - GET http://localhost:9200/ [status:200 duration:0.001s]
2025-12-05 16:49:47,674 - INFO - HEAD http://localhost:9200/movies [status:200 duration:8.11.1]
2025-12-05 16:49:47,674 - INFO - Deleting existing index 'movies'...
2025-12-05 16:49:47,721 - INFO - DELETE http://localhost:9200/movies [status:200 duration:0.047s]
2025-12-05 16:49:47,721 - INFO - Existing index 'movies' deleted.
2025-12-05 16:49:47,721 - INFO - Creating new index 'movies' with mappings...
2025-12-05 16:49:47,883 - INFO - PUT http://localhost:9200/movies [status:200 duration:0.161s]
2025-12-05 16:49:47,883 - INFO - Index 'movies' created with mappings.
2025-12-05 16:49:47,883 - INFO - 
--- Extracting Movie Data (Basic Info from various endpoints) ---
2025-12-05 16:50:09,948 - INFO - Found 111 now playing movies.
2025-12-05 16:50:29,568 - INFO - Found 9996 popular movies.
2025-12-05 16:50:49,500 - INFO - Found 10000 top rated movies.
2025-12-05 16:51:11,477 - INFO - Found 41 upcoming movies.
2025-12-05 16:51:11,478 - INFO - Total unique movies to process: 17052
2025-12-05 16:51:11,478 - INFO - 
--- Extracting Movie Data (Details like OTT, Runtime, Certification, Companies) ---
2025-12-05 17:02:11,888 - INFO - 
--- Loading Data to Elasticsearch ---
2025-12-05 17:02:12,069 - INFO - PUT http://localhost:9200/_bulk [status:200 duration:0.144s]
2025-12-05 17:02:12,230 - INFO - PUT http://localhost:9200/_bulk [status:200 duration:0.151s]
2025-12-05 17:02:12,385 - INFO - PUT http://localhost:9200/_bulk [status:200 duration:0.146s]
2025-12-05 17:02:12,529 - INFO - PUT http://localhost:9200/_bulk [status:200 duration:0.135s]
2025-12-05 17:02:12,684 - INFO - PUT http://localhost:9200/_bulk [status:200 duration:0.147s]
2025-12-05 17:02:12,819 - INFO - PUT http://localhost:9200/_bulk [status:200 duration:0.126s]
2025-12-05 17:02:12,950 - INFO - PUT http://localhost:9200/_bulk [status:200 duration:0.119s]
2025-12-05 17:02:13,119 - INFO - PUT http://localhost:9200/_bulk [status:200 duration:0.160s]
2025-12-05 17:02:13,237 - INFO - PUT http://localhost:9200/_bulk [status:200 duration:0.109s]
2025-12-05 17:02:13,349 - INFO - PUT http://localhost:9200/_bulk [status:200 duration:0.104s]
2025-12-05 17:02:13,467 - INFO - PUT http://localhost:9200/_bulk [status:200 duration:0.110s]
2025-12-05 17:02:13,588 - INFO - PUT http://localhost:9200/_bulk [status:200 duration:0.112s]
2025-12-05 17:02:13,696 - INFO - PUT http://localhost:9200/_bulk [status:200 duration:0.101s]
2025-12-05 17:02:13,819 - INFO - PUT http://localhost:9200/_bulk [status:200 duration:0.114s]
2025-12-05 17:02:13,931 - INFO - PUT http://localhost:9200/_bulk [status:200 duration:0.104s]
2025-12-05 17:02:14,046 - INFO - PUT http://localhost:9200/_bulk [status:200 duration:0.107s]
2025-12-05 17:02:14,156 - INFO - PUT http://localhost:9200/_bulk [status:200 duration:0.101s]
2025-12-05 17:02:14,262 - INFO - PUT http://localhost:9200/_bulk [status:200 duration:0.098s]
2025-12-05 17:02:14,404 - INFO - PUT http://localhost:9200/_bulk [status:200 duration:0.134s]
2025-12-05 17:02:14,547 - INFO - PUT http://localhost:9200/_bulk [status:200 duration:0.136s]
2025-12-05 17:02:14,705 - INFO - PUT http://localhost:9200/_bulk [status:200 duration:0.149s]
2025-12-05 17:02:14,894 - INFO - PUT http://localhost:9200/_bulk [status:200 duration:0.180s]
2025-12-05 17:02:15,060 - INFO - PUT http://localhost:9200/_bulk [status:200 duration:0.157s]
2025-12-05 17:02:15,274 - INFO - PUT http://localhost:9200/_bulk [status:200 duration:0.204s]
2025-12-05 17:02:15,446 - INFO - PUT http://localhost:9200/_bulk [status:200 duration:0.163s]
2025-12-05 17:02:15,619 - INFO - PUT http://localhost:9200/_bulk [status:200 duration:0.165s]
2025-12-05 17:02:15,806 - INFO - PUT http://localhost:9200/_bulk [status:200 duration:0.178s]
2025-12-05 17:02:16,003 - INFO - PUT http://localhost:9200/_bulk [status:200 duration:0.188s]
2025-12-05 17:02:16,185 - INFO - PUT http://localhost:9200/_bulk [status:200 duration:0.173s]
2025-12-05 17:02:16,404 - INFO - PUT http://localhost:9200/_bulk [status:200 duration:0.211s]
2025-12-05 17:02:16,579 - INFO - PUT http://localhost:9200/_bulk [status:200 duration:0.166s]
2025-12-05 17:02:16,783 - INFO - PUT http://localhost:9200/_bulk [status:200 duration:0.195s]
2025-12-05 17:02:16,981 - INFO - PUT http://localhost:9200/_bulk [status:200 duration:0.189s]
2025-12-05 17:02:17,179 - INFO - PUT http://localhost:9200/_bulk [status:200 duration:0.189s]
2025-12-05 17:02:17,204 - INFO - PUT http://localhost:9200/_bulk [status:200 duration:0.022s]
2025-12-05 17:02:17,205 - INFO - Successfully indexed 17052 movies.
2025-12-05 17:02:17,228 - INFO - 
--- ETL Process Finished in 749.35 seconds ---
2025-12-08 09:52:12,249 - INFO - GET http://localhost:9200/ [status:N/A duration:4.097s]
2025-12-08 09:52:12,251 - WARNING - Node <Urllib3HttpNode(http://localhost:9200)> has failed for 1 times in a row, putting on 1 second timeout
2025-12-08 09:52:12,251 - WARNING - Retrying request after failure (attempt 0 of 3)
Traceback (most recent call last):
  File "C:\Users\KH\AppData\Local\Programs\Python\Python313\Lib\site-packages\urllib3\connection.py", line 198, in _new_conn
    sock = connection.create_connection(
        (self._dns_host, self.port),
    ...<2 lines>...
        socket_options=self.socket_options,
    )
  File "C:\Users\KH\AppData\Local\Programs\Python\Python313\Lib\site-packages\urllib3\util\connection.py", line 85, in create_connection
    raise err
  File "C:\Users\KH\AppData\Local\Programs\Python\Python313\Lib\site-packages\urllib3\util\connection.py", line 73, in create_connection
    sock.connect(sa)
    ~~~~~~~~~~~~^^^^
ConnectionRefusedError: [WinError 10061] 대상 컴퓨터에서 연결을 거부했으므로 연결하지 못했습니다

The above exception was the direct cause of the following exception:

Traceback (most recent call last):
  File "C:\Users\KH\AppData\Local\Programs\Python\Python313\Lib\site-packages\elastic_transport\_node\_http_urllib3.py", line 167, in perform_request
    response = self.pool.urlopen(
        method,
    ...<4 lines>...
        **kw,  # type: ignore[arg-type]
    )
  File "C:\Users\KH\AppData\Local\Programs\Python\Python313\Lib\site-packages\urllib3\connectionpool.py", line 841, in urlopen
    retries = retries.increment(
        method, url, error=new_e, _pool=self, _stacktrace=sys.exc_info()[2]
    )
  File "C:\Users\KH\AppData\Local\Programs\Python\Python313\Lib\site-packages\urllib3\util\retry.py", line 449, in increment
    raise reraise(type(error), error, _stacktrace)
          ~~~~~~~^^^^^^^^^^^^^^^^^^^^^^^^^^^^^^^^^
  File "C:\Users\KH\AppData\Local\Programs\Python\Python313\Lib\site-packages\urllib3\util\util.py", line 39, in reraise
    raise value
  File "C:\Users\KH\AppData\Local\Programs\Python\Python313\Lib\site-packages\urllib3\connectionpool.py", line 787, in urlopen
    response = self._make_request(
        conn,
    ...<10 lines>...
        **response_kw,
    )
  File "C:\Users\KH\AppData\Local\Programs\Python\Python313\Lib\site-packages\urllib3\connectionpool.py", line 493, in _make_request
    conn.request(
    ~~~~~~~~~~~~^
        method,
        ^^^^^^^
    ...<6 lines>...
        enforce_content_length=enforce_content_length,
        ^^^^^^^^^^^^^^^^^^^^^^^^^^^^^^^^^^^^^^^^^^^^^^
    )
    ^
  File "C:\Users\KH\AppData\Local\Programs\Python\Python313\Lib\site-packages\urllib3\connection.py", line 494, in request
    self.endheaders()
    ~~~~~~~~~~~~~~~^^
  File "C:\Users\KH\AppData\Local\Programs\Python\Python313\Lib\http\client.py", line 1333, in endheaders
    self._send_output(message_body, encode_chunked=encode_chunked)
    ~~~~~~~~~~~~~~~~~^^^^^^^^^^^^^^^^^^^^^^^^^^^^^^^^^^^^^^^^^^^^^
  File "C:\Users\KH\AppData\Local\Programs\Python\Python313\Lib\http\client.py", line 1093, in _send_output
    self.send(msg)
    ~~~~~~~~~^^^^^
  File "C:\Users\KH\AppData\Local\Programs\Python\Python313\Lib\http\client.py", line 1037, in send
    self.connect()
    ~~~~~~~~~~~~^^
  File "C:\Users\KH\AppData\Local\Programs\Python\Python313\Lib\site-packages\urllib3\connection.py", line 325, in connect
    self.sock = self._new_conn()
                ~~~~~~~~~~~~~~^^
  File "C:\Users\KH\AppData\Local\Programs\Python\Python313\Lib\site-packages\urllib3\connection.py", line 213, in _new_conn
    raise NewConnectionError(
        self, f"Failed to establish a new connection: {e}"
    ) from e
urllib3.exceptions.NewConnectionError: <urllib3.connection.HTTPConnection object at 0x0000021684D96120>: Failed to establish a new connection: [WinError 10061] 대상 컴퓨터에서 연결을 거부했으므로 연결하지 못했습니다

The above exception was the direct cause of the following exception:

Traceback (most recent call last):
  File "C:\Users\KH\AppData\Local\Programs\Python\Python313\Lib\site-packages\elastic_transport\_transport.py", line 342, in perform_request
    resp = node.perform_request(
        method,
    ...<3 lines>...
        request_timeout=request_timeout,
    )
  File "C:\Users\KH\AppData\Local\Programs\Python\Python313\Lib\site-packages\elastic_transport\_node\_http_urllib3.py", line 202, in perform_request
    raise err from e
elastic_transport.ConnectionError: Connection error caused by: NewConnectionError(<urllib3.connection.HTTPConnection object at 0x0000021684D96120>: Failed to establish a new connection: [WinError 10061] 대상 컴퓨터에서 연결을 거부했으므로 연결하지 못했습니다)
2025-12-08 09:52:16,447 - INFO - GET http://localhost:9200/ [status:N/A duration:4.101s]
2025-12-08 09:52:16,448 - WARNING - Node <Urllib3HttpNode(http://localhost:9200)> has failed for 2 times in a row, putting on 2 second timeout
2025-12-08 09:52:16,448 - WARNING - Retrying request after failure (attempt 1 of 3)
Traceback (most recent call last):
  File "C:\Users\KH\AppData\Local\Programs\Python\Python313\Lib\site-packages\urllib3\connection.py", line 198, in _new_conn
    sock = connection.create_connection(
        (self._dns_host, self.port),
    ...<2 lines>...
        socket_options=self.socket_options,
    )
  File "C:\Users\KH\AppData\Local\Programs\Python\Python313\Lib\site-packages\urllib3\util\connection.py", line 85, in create_connection
    raise err
  File "C:\Users\KH\AppData\Local\Programs\Python\Python313\Lib\site-packages\urllib3\util\connection.py", line 73, in create_connection
    sock.connect(sa)
    ~~~~~~~~~~~~^^^^
ConnectionRefusedError: [WinError 10061] 대상 컴퓨터에서 연결을 거부했으므로 연결하지 못했습니다

The above exception was the direct cause of the following exception:

Traceback (most recent call last):
  File "C:\Users\KH\AppData\Local\Programs\Python\Python313\Lib\site-packages\elastic_transport\_node\_http_urllib3.py", line 167, in perform_request
    response = self.pool.urlopen(
        method,
    ...<4 lines>...
        **kw,  # type: ignore[arg-type]
    )
  File "C:\Users\KH\AppData\Local\Programs\Python\Python313\Lib\site-packages\urllib3\connectionpool.py", line 841, in urlopen
    retries = retries.increment(
        method, url, error=new_e, _pool=self, _stacktrace=sys.exc_info()[2]
    )
  File "C:\Users\KH\AppData\Local\Programs\Python\Python313\Lib\site-packages\urllib3\util\retry.py", line 449, in increment
    raise reraise(type(error), error, _stacktrace)
          ~~~~~~~^^^^^^^^^^^^^^^^^^^^^^^^^^^^^^^^^
  File "C:\Users\KH\AppData\Local\Programs\Python\Python313\Lib\site-packages\urllib3\util\util.py", line 39, in reraise
    raise value
  File "C:\Users\KH\AppData\Local\Programs\Python\Python313\Lib\site-packages\urllib3\connectionpool.py", line 787, in urlopen
    response = self._make_request(
        conn,
    ...<10 lines>...
        **response_kw,
    )
  File "C:\Users\KH\AppData\Local\Programs\Python\Python313\Lib\site-packages\urllib3\connectionpool.py", line 493, in _make_request
    conn.request(
    ~~~~~~~~~~~~^
        method,
        ^^^^^^^
    ...<6 lines>...
        enforce_content_length=enforce_content_length,
        ^^^^^^^^^^^^^^^^^^^^^^^^^^^^^^^^^^^^^^^^^^^^^^
    )
    ^
  File "C:\Users\KH\AppData\Local\Programs\Python\Python313\Lib\site-packages\urllib3\connection.py", line 494, in request
    self.endheaders()
    ~~~~~~~~~~~~~~~^^
  File "C:\Users\KH\AppData\Local\Programs\Python\Python313\Lib\http\client.py", line 1333, in endheaders
    self._send_output(message_body, encode_chunked=encode_chunked)
    ~~~~~~~~~~~~~~~~~^^^^^^^^^^^^^^^^^^^^^^^^^^^^^^^^^^^^^^^^^^^^^
  File "C:\Users\KH\AppData\Local\Programs\Python\Python313\Lib\http\client.py", line 1093, in _send_output
    self.send(msg)
    ~~~~~~~~~^^^^^
  File "C:\Users\KH\AppData\Local\Programs\Python\Python313\Lib\http\client.py", line 1037, in send
    self.connect()
    ~~~~~~~~~~~~^^
  File "C:\Users\KH\AppData\Local\Programs\Python\Python313\Lib\site-packages\urllib3\connection.py", line 325, in connect
    self.sock = self._new_conn()
                ~~~~~~~~~~~~~~^^
  File "C:\Users\KH\AppData\Local\Programs\Python\Python313\Lib\site-packages\urllib3\connection.py", line 213, in _new_conn
    raise NewConnectionError(
        self, f"Failed to establish a new connection: {e}"
    ) from e
urllib3.exceptions.NewConnectionError: <urllib3.connection.HTTPConnection object at 0x0000021684D1B4D0>: Failed to establish a new connection: [WinError 10061] 대상 컴퓨터에서 연결을 거부했으므로 연결하지 못했습니다

The above exception was the direct cause of the following exception:

Traceback (most recent call last):
  File "C:\Users\KH\AppData\Local\Programs\Python\Python313\Lib\site-packages\elastic_transport\_transport.py", line 342, in perform_request
    resp = node.perform_request(
        method,
    ...<3 lines>...
        request_timeout=request_timeout,
    )
  File "C:\Users\KH\AppData\Local\Programs\Python\Python313\Lib\site-packages\elastic_transport\_node\_http_urllib3.py", line 202, in perform_request
    raise err from e
elastic_transport.ConnectionError: Connection error caused by: NewConnectionError(<urllib3.connection.HTTPConnection object at 0x0000021684D1B4D0>: Failed to establish a new connection: [WinError 10061] 대상 컴퓨터에서 연결을 거부했으므로 연결하지 못했습니다)
2025-12-08 09:52:16,450 - INFO - Resurrected node <Urllib3HttpNode(http://localhost:9200)> (force=False)
2025-12-08 09:52:20,539 - INFO - GET http://localhost:9200/ [status:N/A duration:4.088s]
2025-12-08 09:52:20,539 - WARNING - Node <Urllib3HttpNode(http://localhost:9200)> has failed for 3 times in a row, putting on 4 second timeout
2025-12-08 09:52:20,539 - WARNING - Retrying request after failure (attempt 2 of 3)
Traceback (most recent call last):
  File "C:\Users\KH\AppData\Local\Programs\Python\Python313\Lib\site-packages\urllib3\connection.py", line 198, in _new_conn
    sock = connection.create_connection(
        (self._dns_host, self.port),
    ...<2 lines>...
        socket_options=self.socket_options,
    )
  File "C:\Users\KH\AppData\Local\Programs\Python\Python313\Lib\site-packages\urllib3\util\connection.py", line 85, in create_connection
    raise err
  File "C:\Users\KH\AppData\Local\Programs\Python\Python313\Lib\site-packages\urllib3\util\connection.py", line 73, in create_connection
    sock.connect(sa)
    ~~~~~~~~~~~~^^^^
ConnectionRefusedError: [WinError 10061] 대상 컴퓨터에서 연결을 거부했으므로 연결하지 못했습니다

The above exception was the direct cause of the following exception:

Traceback (most recent call last):
  File "C:\Users\KH\AppData\Local\Programs\Python\Python313\Lib\site-packages\elastic_transport\_node\_http_urllib3.py", line 167, in perform_request
    response = self.pool.urlopen(
        method,
    ...<4 lines>...
        **kw,  # type: ignore[arg-type]
    )
  File "C:\Users\KH\AppData\Local\Programs\Python\Python313\Lib\site-packages\urllib3\connectionpool.py", line 841, in urlopen
    retries = retries.increment(
        method, url, error=new_e, _pool=self, _stacktrace=sys.exc_info()[2]
    )
  File "C:\Users\KH\AppData\Local\Programs\Python\Python313\Lib\site-packages\urllib3\util\retry.py", line 449, in increment
    raise reraise(type(error), error, _stacktrace)
          ~~~~~~~^^^^^^^^^^^^^^^^^^^^^^^^^^^^^^^^^
  File "C:\Users\KH\AppData\Local\Programs\Python\Python313\Lib\site-packages\urllib3\util\util.py", line 39, in reraise
    raise value
  File "C:\Users\KH\AppData\Local\Programs\Python\Python313\Lib\site-packages\urllib3\connectionpool.py", line 787, in urlopen
    response = self._make_request(
        conn,
    ...<10 lines>...
        **response_kw,
    )
  File "C:\Users\KH\AppData\Local\Programs\Python\Python313\Lib\site-packages\urllib3\connectionpool.py", line 493, in _make_request
    conn.request(
    ~~~~~~~~~~~~^
        method,
        ^^^^^^^
    ...<6 lines>...
        enforce_content_length=enforce_content_length,
        ^^^^^^^^^^^^^^^^^^^^^^^^^^^^^^^^^^^^^^^^^^^^^^
    )
    ^
  File "C:\Users\KH\AppData\Local\Programs\Python\Python313\Lib\site-packages\urllib3\connection.py", line 494, in request
    self.endheaders()
    ~~~~~~~~~~~~~~~^^
  File "C:\Users\KH\AppData\Local\Programs\Python\Python313\Lib\http\client.py", line 1333, in endheaders
    self._send_output(message_body, encode_chunked=encode_chunked)
    ~~~~~~~~~~~~~~~~~^^^^^^^^^^^^^^^^^^^^^^^^^^^^^^^^^^^^^^^^^^^^^
  File "C:\Users\KH\AppData\Local\Programs\Python\Python313\Lib\http\client.py", line 1093, in _send_output
    self.send(msg)
    ~~~~~~~~~^^^^^
  File "C:\Users\KH\AppData\Local\Programs\Python\Python313\Lib\http\client.py", line 1037, in send
    self.connect()
    ~~~~~~~~~~~~^^
  File "C:\Users\KH\AppData\Local\Programs\Python\Python313\Lib\site-packages\urllib3\connection.py", line 325, in connect
    self.sock = self._new_conn()
                ~~~~~~~~~~~~~~^^
  File "C:\Users\KH\AppData\Local\Programs\Python\Python313\Lib\site-packages\urllib3\connection.py", line 213, in _new_conn
    raise NewConnectionError(
        self, f"Failed to establish a new connection: {e}"
    ) from e
urllib3.exceptions.NewConnectionError: <urllib3.connection.HTTPConnection object at 0x0000021684D1B750>: Failed to establish a new connection: [WinError 10061] 대상 컴퓨터에서 연결을 거부했으므로 연결하지 못했습니다

The above exception was the direct cause of the following exception:

Traceback (most recent call last):
  File "C:\Users\KH\AppData\Local\Programs\Python\Python313\Lib\site-packages\elastic_transport\_transport.py", line 342, in perform_request
    resp = node.perform_request(
        method,
    ...<3 lines>...
        request_timeout=request_timeout,
    )
  File "C:\Users\KH\AppData\Local\Programs\Python\Python313\Lib\site-packages\elastic_transport\_node\_http_urllib3.py", line 202, in perform_request
    raise err from e
elastic_transport.ConnectionError: Connection error caused by: NewConnectionError(<urllib3.connection.HTTPConnection object at 0x0000021684D1B750>: Failed to establish a new connection: [WinError 10061] 대상 컴퓨터에서 연결을 거부했으므로 연결하지 못했습니다)
2025-12-08 09:52:20,542 - INFO - Resurrected node <Urllib3HttpNode(http://localhost:9200)> (force=False)
2025-12-08 09:52:24,650 - INFO - GET http://localhost:9200/ [status:N/A duration:4.108s]
2025-12-08 09:52:24,650 - WARNING - Node <Urllib3HttpNode(http://localhost:9200)> has failed for 4 times in a row, putting on 8 second timeout
2025-12-08 09:52:24,652 - ERROR - Elasticsearch 연결 실패: Connection error caused by: ConnectionError(Connection error caused by: NewConnectionError(<urllib3.connection.HTTPConnection object at 0x0000021684D96120>: Failed to establish a new connection: [WinError 10061] 대상 컴퓨터에서 연결을 거부했으므로 연결하지 못했습니다))
2025-12-08 10:02:37,989 - INFO - GET http://localhost:9200/ [status:200 duration:0.009s]
2025-12-08 10:02:37,990 - INFO - Elasticsearch 연결 성공. 버전: 8.11.1
2025-12-08 10:02:37,990 - INFO - --- Starting ETL Process ---
2025-12-08 10:02:37,998 - INFO - HEAD http://localhost:9200/movies [status:200 duration:0.007s]
2025-12-08 10:02:37,998 - INFO - Deleting existing index 'movies'...
2025-12-08 10:02:38,065 - INFO - DELETE http://localhost:9200/movies [status:200 duration:0.067s]
2025-12-08 10:02:38,065 - INFO - Existing index 'movies' deleted.
2025-12-08 10:02:38,065 - INFO - Creating new index 'movies' with mappings...
2025-12-08 10:02:38,305 - INFO - PUT http://localhost:9200/movies [status:200 duration:0.239s]
2025-12-08 10:02:38,305 - INFO - Index 'movies' created with mappings.
2025-12-08 10:02:38,305 - INFO - 
--- Extracting Movie Data (Basic Info from various endpoints) ---
2025-12-08 10:02:53,421 - WARNING - Connection pool is full, discarding connection: api.themoviedb.org. Connection pool size: 10
2025-12-08 10:02:53,452 - WARNING - Connection pool is full, discarding connection: api.themoviedb.org. Connection pool size: 10
2025-12-08 10:02:53,466 - WARNING - Connection pool is full, discarding connection: api.themoviedb.org. Connection pool size: 10
2025-12-08 10:02:53,475 - WARNING - Connection pool is full, discarding connection: api.themoviedb.org. Connection pool size: 10
2025-12-08 10:02:53,531 - WARNING - Connection pool is full, discarding connection: api.themoviedb.org. Connection pool size: 10
2025-12-08 10:02:53,535 - INFO - Found 111 now playing movies.
2025-12-08 10:02:54,103 - WARNING - Connection pool is full, discarding connection: api.themoviedb.org. Connection pool size: 10
2025-12-08 10:02:54,103 - WARNING - Connection pool is full, discarding connection: api.themoviedb.org. Connection pool size: 10
2025-12-08 10:02:54,109 - WARNING - Connection pool is full, discarding connection: api.themoviedb.org. Connection pool size: 10
2025-12-08 10:02:54,111 - WARNING - Connection pool is full, discarding connection: api.themoviedb.org. Connection pool size: 10
2025-12-08 10:02:54,111 - WARNING - Connection pool is full, discarding connection: api.themoviedb.org. Connection pool size: 10
2025-12-08 10:02:54,629 - WARNING - Connection pool is full, discarding connection: api.themoviedb.org. Connection pool size: 10
2025-12-08 10:02:54,637 - WARNING - Connection pool is full, discarding connection: api.themoviedb.org. Connection pool size: 10
2025-12-08 10:02:54,645 - WARNING - Connection pool is full, discarding connection: api.themoviedb.org. Connection pool size: 10
2025-12-08 10:03:11,549 - WARNING - Connection pool is full, discarding connection: api.themoviedb.org. Connection pool size: 10
2025-12-08 10:03:11,626 - WARNING - Connection pool is full, discarding connection: api.themoviedb.org. Connection pool size: 10
2025-12-08 10:03:11,636 - WARNING - Connection pool is full, discarding connection: api.themoviedb.org. Connection pool size: 10
2025-12-08 10:03:11,695 - WARNING - Connection pool is full, discarding connection: api.themoviedb.org. Connection pool size: 10
2025-12-08 10:03:11,786 - WARNING - Connection pool is full, discarding connection: api.themoviedb.org. Connection pool size: 10
2025-12-08 10:03:11,795 - INFO - Found 10000 popular movies.
2025-12-08 10:03:27,891 - WARNING - Connection pool is full, discarding connection: api.themoviedb.org. Connection pool size: 10
2025-12-08 10:03:27,921 - WARNING - Connection pool is full, discarding connection: api.themoviedb.org. Connection pool size: 10
2025-12-08 10:03:27,957 - WARNING - Connection pool is full, discarding connection: api.themoviedb.org. Connection pool size: 10
2025-12-08 10:03:27,989 - WARNING - Connection pool is full, discarding connection: api.themoviedb.org. Connection pool size: 10
2025-12-08 10:03:28,036 - WARNING - Connection pool is full, discarding connection: api.themoviedb.org. Connection pool size: 10
2025-12-08 10:03:28,040 - INFO - Found 10000 top rated movies.
2025-12-08 10:03:43,074 - WARNING - Connection pool is full, discarding connection: api.themoviedb.org. Connection pool size: 10
2025-12-08 10:03:43,091 - WARNING - Connection pool is full, discarding connection: api.themoviedb.org. Connection pool size: 10
2025-12-08 10:03:43,141 - WARNING - Connection pool is full, discarding connection: api.themoviedb.org. Connection pool size: 10
2025-12-08 10:03:43,173 - WARNING - Connection pool is full, discarding connection: api.themoviedb.org. Connection pool size: 10
2025-12-08 10:03:43,217 - WARNING - Connection pool is full, discarding connection: api.themoviedb.org. Connection pool size: 10
2025-12-08 10:03:43,220 - INFO - Found 41 upcoming movies.
2025-12-08 10:03:43,226 - INFO - Total unique movies to process: 17372
2025-12-08 10:03:43,226 - INFO - 
--- Extracting Movie Data (Details like OTT, Runtime, Certification, Companies) ---
2025-12-08 10:03:43,911 - WARNING - Connection pool is full, discarding connection: api.themoviedb.org. Connection pool size: 10
2025-12-08 10:03:43,911 - WARNING - Connection pool is full, discarding connection: api.themoviedb.org. Connection pool size: 10
2025-12-08 10:03:43,937 - WARNING - Connection pool is full, discarding connection: api.themoviedb.org. Connection pool size: 10
2025-12-08 10:03:43,941 - WARNING - Connection pool is full, discarding connection: api.themoviedb.org. Connection pool size: 10
2025-12-08 10:03:46,700 - WARNING - Connection pool is full, discarding connection: api.themoviedb.org. Connection pool size: 10
2025-12-08 10:03:56,423 - WARNING - Connection pool is full, discarding connection: api.themoviedb.org. Connection pool size: 10
2025-12-08 10:12:09,248 - WARNING - Connection pool is full, discarding connection: api.themoviedb.org. Connection pool size: 10
2025-12-08 10:12:09,256 - WARNING - Connection pool is full, discarding connection: api.themoviedb.org. Connection pool size: 10
2025-12-08 10:12:09,284 - WARNING - Connection pool is full, discarding connection: api.themoviedb.org. Connection pool size: 10
2025-12-08 10:12:09,355 - WARNING - Connection pool is full, discarding connection: api.themoviedb.org. Connection pool size: 10
2025-12-08 10:12:09,391 - WARNING - Connection pool is full, discarding connection: api.themoviedb.org. Connection pool size: 10
2025-12-08 10:12:09,397 - INFO - 
--- Loading Data to Elasticsearch ---
2025-12-08 10:12:09,982 - INFO - PUT http://localhost:9200/_bulk [status:200 duration:0.412s]
2025-12-08 10:12:10,342 - INFO - PUT http://localhost:9200/_bulk [status:200 duration:0.338s]
2025-12-08 10:12:10,600 - INFO - PUT http://localhost:9200/_bulk [status:200 duration:0.241s]
2025-12-08 10:12:10,832 - INFO - PUT http://localhost:9200/_bulk [status:200 duration:0.218s]
2025-12-08 10:12:11,053 - INFO - PUT http://localhost:9200/_bulk [status:200 duration:0.204s]
2025-12-08 10:12:11,269 - INFO - PUT http://localhost:9200/_bulk [status:200 duration:0.202s]
2025-12-08 10:12:11,416 - INFO - PUT http://localhost:9200/_bulk [status:200 duration:0.137s]
2025-12-08 10:12:11,581 - INFO - PUT http://localhost:9200/_bulk [status:200 duration:0.150s]
2025-12-08 10:12:11,799 - INFO - PUT http://localhost:9200/_bulk [status:200 duration:0.203s]
2025-12-08 10:12:11,976 - INFO - PUT http://localhost:9200/_bulk [status:200 duration:0.160s]
2025-12-08 10:12:12,115 - INFO - PUT http://localhost:9200/_bulk [status:200 duration:0.124s]
2025-12-08 10:12:12,284 - INFO - PUT http://localhost:9200/_bulk [status:200 duration:0.154s]
2025-12-08 10:12:12,426 - INFO - PUT http://localhost:9200/_bulk [status:200 duration:0.126s]
2025-12-08 10:12:12,596 - INFO - PUT http://localhost:9200/_bulk [status:200 duration:0.130s]
2025-12-08 10:12:12,725 - INFO - PUT http://localhost:9200/_bulk [status:200 duration:0.113s]
2025-12-08 10:12:12,893 - INFO - PUT http://localhost:9200/_bulk [status:200 duration:0.151s]
2025-12-08 10:12:13,021 - INFO - PUT http://localhost:9200/_bulk [status:200 duration:0.116s]
2025-12-08 10:12:13,131 - INFO - PUT http://localhost:9200/_bulk [status:200 duration:0.094s]
2025-12-08 10:12:13,228 - INFO - PUT http://localhost:9200/_bulk [status:200 duration:0.089s]
2025-12-08 10:12:13,326 - INFO - PUT http://localhost:9200/_bulk [status:200 duration:0.086s]
2025-12-08 10:12:13,507 - INFO - PUT http://localhost:9200/_bulk [status:200 duration:0.165s]
2025-12-08 10:12:13,747 - INFO - PUT http://localhost:9200/_bulk [status:200 duration:0.228s]
2025-12-08 10:12:13,961 - INFO - PUT http://localhost:9200/_bulk [status:200 duration:0.194s]
2025-12-08 10:12:14,201 - INFO - PUT http://localhost:9200/_bulk [status:200 duration:0.226s]
2025-12-08 10:12:14,398 - INFO - PUT http://localhost:9200/_bulk [status:200 duration:0.187s]
2025-12-08 10:12:14,597 - INFO - PUT http://localhost:9200/_bulk [status:200 duration:0.182s]
2025-12-08 10:12:14,793 - INFO - PUT http://localhost:9200/_bulk [status:200 duration:0.183s]
2025-12-08 10:12:15,003 - INFO - PUT http://localhost:9200/_bulk [status:200 duration:0.201s]
2025-12-08 10:12:15,216 - INFO - PUT http://localhost:9200/_bulk [status:200 duration:0.196s]
2025-12-08 10:12:15,431 - INFO - PUT http://localhost:9200/_bulk [status:200 duration:0.203s]
2025-12-08 10:12:15,655 - INFO - PUT http://localhost:9200/_bulk [status:200 duration:0.206s]
2025-12-08 10:12:15,883 - INFO - PUT http://localhost:9200/_bulk [status:200 duration:0.211s]
2025-12-08 10:12:16,096 - INFO - PUT http://localhost:9200/_bulk [status:200 duration:0.195s]
2025-12-08 10:12:16,289 - INFO - PUT http://localhost:9200/_bulk [status:200 duration:0.184s]
2025-12-08 10:12:16,426 - INFO - PUT http://localhost:9200/_bulk [status:200 duration:0.130s]
2025-12-08 10:12:16,428 - INFO - Successfully indexed 17372 movies.
2025-12-08 10:12:16,461 - INFO - 
--- ETL Process Finished in 578.16 seconds ---
